<?xml version="1.0" encoding="UTF-8"?>
<testsuite xmlns:xsi="http://www.w3.org/2001/XMLSchema-instance" xsi:noNamespaceSchemaLocation="https://maven.apache.org/surefire/maven-surefire-plugin/xsd/surefire-test-report-3.0.xsd" version="3.0" name="TestSuite" time="80.847" tests="3" errors="0" skipped="0" failures="0">
  <properties>
[...]
</properties>
  <testcase name="loginASBankManager" classname="TestCases.LoginTest" time="7.171">
    <system-out><![CDATA[[TestNG] [WARN] Ignoring duplicate listener : org.uncommons.reportng.HTMLReporter
[TestNG] [WARN] Ignoring duplicate listener : org.uncommons.reportng.JUnitXMLReporter
]]></system-out>
    <system-err><![CDATA[1616045964007	geckodriver	INFO	Listening on 127.0.0.1:16120
1616045965601	mozrunner::runner	INFO	Running command: "C:\\Program Files\\Mozilla Firefox\\firefox.exe" "--marionette" "-foreground" "-no-remote" "-profile" "C:\\Users\\hp\\AppData\\Local\\Temp\\rust_mozprofileQ2diUi"
console.warn: SearchSettings: "get: No settings file exists, new profile?" (new Error("", "(unknown module)"))
1616046001635	Marionette	INFO	Listening on port 54125
1616046003469	Marionette	WARN	TLS certificate errors will be ignored for this session
Mar 18, 2021 11:10:04 AM org.openqa.selenium.remote.ProtocolHandshake createSession
INFO: Detected dialect: W3C
]]></system-err>
  </testcase>
  <testcase name="addCustomer[Pk, Tailor, 39600P1, Customer added successfully](1)" classname="TestCases.AddCustomerTest" time="6.043">
    <system-err><![CDATA[1616046025133	Marionette	WARN	TimedPromise timed out after 500 ms: stacktrace:
TimedPromise/<@chrome://marionette/content/sync.js:231:19
TimedPromise@chrome://marionette/content/sync.js:216:10
interaction.flushEventLoop@chrome://marionette/content/interaction.js:433:10
webdriverClickElement@chrome://marionette/content/interaction.js:179:31
]]></system-err>
  </testcase>
  <testcase name="addCustomer[Rk, White, 5646DF4, Customer added successfully](2)" classname="TestCases.AddCustomerTest" time="3.422"/>
</testsuite>