<?xml version="1.0" encoding="UTF-8"?>
<testng-results skipped="0" failed="0" ignored="0" total="3" passed="3">
  <reporter-output>
    <line>
      <![CDATA[Login Succesfully]]>
    </line>
  </reporter-output>
  <suite name="Data Driven Basics" duration-ms="14592" started-at="2021-03-18T11:22:13 IST" finished-at="2021-03-18T11:22:28 IST">
    <groups>
    </groups>
    <test name="LoginTest" duration-ms="7151" started-at="2021-03-18T11:22:13 IST" finished-at="2021-03-18T11:22:21 IST">
      <class name="TestCases.LoginTest">
        <test-method status="PASS" signature="loginASBankManager()[pri:0, instance:TestCases.LoginTest@69e153c5]" name="loginASBankManager" duration-ms="6995" started-at="2021-03-18T11:22:14 IST" finished-at="2021-03-18T11:22:21 IST">
          <reporter-output>
            <line>
              <![CDATA[Login Succesfully]]>
            </line>
          </reporter-output>
        </test-method> <!-- loginASBankManager -->
      </class> <!-- TestCases.LoginTest -->
    </test> <!-- LoginTest -->
    <test name="Add Customer Test" duration-ms="7418" started-at="2021-03-18T11:22:21 IST" finished-at="2021-03-18T11:22:28 IST">
      <class name="TestCases.AddCustomerTest">
        <test-method status="PASS" signature="setUp()[pri:0, instance:TestCases.AddCustomerTest@196a42c3]" name="setUp" is-config="true" duration-ms="13773" started-at="2021-03-18T11:22:00 IST" finished-at="2021-03-18T11:22:13 IST">
          <reporter-output>
          </reporter-output>
        </test-method> <!-- setUp -->
        <test-method status="PASS" signature="addCustomer(java.lang.String, java.lang.String, java.lang.String, java.lang.String)[pri:0, instance:TestCases.AddCustomerTest@196a42c3]" name="addCustomer" duration-ms="3845" started-at="2021-03-18T11:22:21 IST" data-provider="getData" finished-at="2021-03-18T11:22:24 IST">
          <params>
            <param index="0">
              <value>
                <![CDATA[Pk]]>
              </value>
            </param>
            <param index="1">
              <value>
                <![CDATA[Tailor]]>
              </value>
            </param>
            <param index="2">
              <value>
                <![CDATA[39600P1]]>
              </value>
            </param>
            <param index="3">
              <value>
                <![CDATA[Customer added successfully]]>
              </value>
            </param>
          </params>
          <reporter-output>
          </reporter-output>
        </test-method> <!-- addCustomer -->
        <test-method status="PASS" signature="addCustomer(java.lang.String, java.lang.String, java.lang.String, java.lang.String)[pri:0, instance:TestCases.AddCustomerTest@196a42c3]" name="addCustomer" duration-ms="3545" started-at="2021-03-18T11:22:24 IST" data-provider="getData" finished-at="2021-03-18T11:22:28 IST">
          <params>
            <param index="0">
              <value>
                <![CDATA[Rk]]>
              </value>
            </param>
            <param index="1">
              <value>
                <![CDATA[White]]>
              </value>
            </param>
            <param index="2">
              <value>
                <![CDATA[5646DF4]]>
              </value>
            </param>
            <param index="3">
              <value>
                <![CDATA[Customer added successfully]]>
              </value>
            </param>
          </params>
          <reporter-output>
          </reporter-output>
        </test-method> <!-- addCustomer -->
        <test-method status="PASS" signature="tearDown()[pri:0, instance:TestCases.AddCustomerTest@196a42c3]" name="tearDown" is-config="true" duration-ms="4076" started-at="2021-03-18T11:22:28 IST" finished-at="2021-03-18T11:22:32 IST">
          <reporter-output>
          </reporter-output>
        </test-method> <!-- tearDown -->
      </class> <!-- TestCases.AddCustomerTest -->
    </test> <!-- Add Customer Test -->
  </suite> <!-- Data Driven Basics -->
</testng-results>
